<?xml version="1.0" encoding="UTF-8"?>
<!-- Generated by org.testng.reporters.JUnitReportReporter -->
<testsuite hostname="DESKTOP-BVVQG2P" failures="0" tests="2" name="acquickacademic.SeleniumTest" time="0.021" errors="0" timestamp="23 Jan 2021 17:28:10 GMT">
  <testcase classname="acquickacademic.SeleniumTest" name="elementsUi" time="0.002"/>
  <testcase classname="acquickacademic.SeleniumTest" name="BrowserAUtomation" time="0.019"/>
</testsuite> <!-- acquickacademic.SeleniumTest -->
