<?xml version="1.0" encoding="UTF-8"?>
<!-- Generated by org.testng.reporters.JUnitReportReporter -->
<testsuite hostname="DESKTOP-BVVQG2P" failures="0" tests="2" name="acquickacademic.APITest" time="0.004" errors="0" timestamp="23 Jan 2021 01:35:37 GMT">
  <testcase classname="acquickacademic.APITest" name="postJira" time="0.002"/>
  <testcase classname="acquickacademic.APITest" name="deleteTwitter" time="0.002"/>
</testsuite> <!-- acquickacademic.APITest -->
