<?xml version="1.0" encoding="UTF-8"?>
<!-- Generated by org.testng.reporters.JUnitReportReporter -->
<testsuite hostname="DESKTOP-BVVQG2P" failures="0" tests="2" name="acquickacademic.SeleniumTest" time="0.004" errors="0" timestamp="2021-02-02T17:11:10 PST" skipped="0">
  <testcase classname="acquickacademic.SeleniumTest" name="BrowserAUtomation" time="0.004"/>
  <system-out/>
  <testcase classname="acquickacademic.SeleniumTest" name="elementsUi" time="0.000"/>
  <system-out/>
</testsuite> <!-- acquickacademic.SeleniumTest -->
