<?xml version="1.0" encoding="UTF-8"?>
<!-- Generated by org.testng.reporters.JUnitReportReporter -->
<testsuite hostname="DESKTOP-BVVQG2P" failures="0" tests="2" name="acquickacademic.APITest" time="0.000" errors="0" timestamp="2021-02-02T17:11:10 PST" skipped="0">
  <testcase classname="acquickacademic.APITest" name="deleteTwitter" time="0.000"/>
  <system-out/>
  <testcase classname="acquickacademic.APITest" name="postJira" time="0.000"/>
  <system-out/>
</testsuite> <!-- acquickacademic.APITest -->
